{"contracts/EBlockStock.sol":{"l":{"20":0,"28":0,"29":0,"42":0,"50":0,"51":0,"59":0,"67":0,"76":0,"77":0,"86":0,"87":0,"94":0,"103":0,"104":0,"121":0,"122":0,"124":0,"125":0,"127":0,"128":0,"130":0,"131":0,"132":0,"133":0,"135":0,"136":0,"137":0,"139":0,"141":0,"143":0,"144":0,"147":0,"148":0},"path":"/Users/andyrum/inspyre.it/bb/v1/ebso-token/src/contracts/EBlockStock.sol","s":{"1":0,"2":0,"3":0,"4":0,"5":0,"6":0,"7":0,"8":0,"9":0,"10":0,"11":0,"12":0,"13":0,"14":0,"15":0,"16":0,"17":0,"18":0,"19":0,"20":0,"21":0,"22":0,"23":0,"24":0,"25":0,"26":0,"27":0,"28":0,"29":0,"30":0,"31":0,"32":0,"33":0,"34":0},"b":{"1":[0,0],"2":[0,0],"3":[0,0],"4":[0,0],"5":[0,0],"6":[0,0],"7":[0,0],"8":[0,0],"9":[0,0],"10":[0,0]},"f":{"1":30,"2":0,"3":0,"4":0,"5":0,"6":0,"7":0,"8":0,"9":0,"10":0,"11":0,"12":0},"fnMap":{"1":{"name":"constructor","line":14,"loc":{"start":{"line":14,"column":2},"end":{"line":14,"column":46}}},"2":{"name":"decimals","line":19,"loc":{"start":{"line":19,"column":2},"end":{"line":21,"column":2}}},"3":{"name":"transfer","line":27,"loc":{"start":{"line":27,"column":2},"end":{"line":30,"column":2}}},"4":{"name":"transferFrom","line":41,"loc":{"start":{"line":37,"column":2},"end":{"line":43,"column":2}}},"5":{"name":"approve","line":49,"loc":{"start":{"line":49,"column":2},"end":{"line":52,"column":2}}},"6":{"name":"increaseAllowance","line":58,"loc":{"start":{"line":58,"column":2},"end":{"line":60,"column":2}}},"7":{"name":"decreaseAllowance","line":66,"loc":{"start":{"line":66,"column":2},"end":{"line":68,"column":2}}},"8":{"name":"mint","line":75,"loc":{"start":{"line":75,"column":2},"end":{"line":78,"column":2}}},"9":{"name":"burn","line":85,"loc":{"start":{"line":85,"column":2},"end":{"line":88,"column":2}}},"10":{"name":"kill","line":93,"loc":{"start":{"line":93,"column":2},"end":{"line":95,"column":2}}},"11":{"name":"_mint","line":102,"loc":{"start":{"line":102,"column":2},"end":{"line":105,"column":2}}},"12":{"name":"_transfer","line":116,"loc":{"start":{"line":116,"column":2},"end":{"line":151,"column":2}}}},"statementMap":{"1":{"start":{"line":20,"column":4},"end":{"line":20,"column":12}},"2":{"start":{"line":28,"column":4},"end":{"line":28,"column":39}},"3":{"start":{"line":29,"column":4},"end":{"line":29,"column":15}},"4":{"start":{"line":42,"column":4},"end":{"line":42,"column":49}},"5":{"start":{"line":50,"column":4},"end":{"line":50,"column":92}},"6":{"start":{"line":51,"column":4},"end":{"line":51,"column":42}},"7":{"start":{"line":59,"column":4},"end":{"line":59,"column":57}},"8":{"start":{"line":67,"column":4},"end":{"line":67,"column":60}},"9":{"start":{"line":76,"column":4},"end":{"line":76,"column":27}},"10":{"start":{"line":77,"column":4},"end":{"line":77,"column":15}},"11":{"start":{"line":86,"column":4},"end":{"line":86,"column":79}},"12":{"start":{"line":87,"column":4},"end":{"line":87,"column":34}},"13":{"start":{"line":94,"column":4},"end":{"line":94,"column":27}},"14":{"start":{"line":103,"column":4},"end":{"line":103,"column":75}},"15":{"start":{"line":104,"column":4},"end":{"line":104,"column":33}},"16":{"start":{"line":121,"column":4},"end":{"line":121,"column":69}},"17":{"start":{"line":122,"column":4},"end":{"line":122,"column":80}},"18":{"start":{"line":124,"column":4},"end":{"line":124,"column":3996}},"19":{"start":{"line":125,"column":6},"end":{"line":125,"column":50}},"20":{"start":{"line":127,"column":6},"end":{"line":127,"column":84}},"21":{"start":{"line":128,"column":6},"end":{"line":128,"column":85}},"22":{"start":{"line":130,"column":6},"end":{"line":130,"column":39}},"23":{"start":{"line":131,"column":6},"end":{"line":131,"column":47}},"24":{"start":{"line":132,"column":6},"end":{"line":132,"column":39}},"25":{"start":{"line":133,"column":6},"end":{"line":133,"column":74}},"26":{"start":{"line":135,"column":6},"end":{"line":135,"column":97}},"27":{"start":{"line":136,"column":6},"end":{"line":136,"column":93}},"28":{"start":{"line":137,"column":6},"end":{"line":137,"column":59}},"29":{"start":{"line":139,"column":6},"end":{"line":139,"column":67}},"30":{"start":{"line":141,"column":6},"end":{"line":141,"column":66}},"31":{"start":{"line":143,"column":6},"end":{"line":143,"column":4921}},"32":{"start":{"line":144,"column":8},"end":{"line":144,"column":58}},"33":{"start":{"line":147,"column":6},"end":{"line":147,"column":5022}},"34":{"start":{"line":148,"column":8},"end":{"line":148,"column":58}}},"branchMap":{"1":{"line":50,"type":"if","locations":[{"start":{"line":50,"column":4},"end":{"line":50,"column":4}},{"start":{"line":50,"column":4},"end":{"line":50,"column":4}}]},"2":{"line":86,"type":"if","locations":[{"start":{"line":86,"column":4},"end":{"line":86,"column":4}},{"start":{"line":86,"column":4},"end":{"line":86,"column":4}}]},"3":{"line":103,"type":"if","locations":[{"start":{"line":103,"column":4},"end":{"line":103,"column":4}},{"start":{"line":103,"column":4},"end":{"line":103,"column":4}}]},"4":{"line":121,"type":"if","locations":[{"start":{"line":121,"column":4},"end":{"line":121,"column":4}},{"start":{"line":121,"column":4},"end":{"line":121,"column":4}}]},"5":{"line":122,"type":"if","locations":[{"start":{"line":122,"column":4},"end":{"line":122,"column":4}},{"start":{"line":122,"column":4},"end":{"line":122,"column":4}}]},"6":{"line":124,"type":"if","locations":[{"start":{"line":124,"column":4},"end":{"line":124,"column":4}},{"start":{"line":124,"column":4},"end":{"line":124,"column":4}}]},"7":{"line":127,"type":"if","locations":[{"start":{"line":127,"column":6},"end":{"line":127,"column":6}},{"start":{"line":127,"column":6},"end":{"line":127,"column":6}}]},"8":{"line":128,"type":"if","locations":[{"start":{"line":128,"column":6},"end":{"line":128,"column":6}},{"start":{"line":128,"column":6},"end":{"line":128,"column":6}}]},"9":{"line":143,"type":"if","locations":[{"start":{"line":143,"column":6},"end":{"line":143,"column":6}},{"start":{"line":143,"column":6},"end":{"line":143,"column":6}}]},"10":{"line":147,"type":"if","locations":[{"start":{"line":147,"column":6},"end":{"line":147,"column":6}},{"start":{"line":147,"column":6},"end":{"line":147,"column":6}}]}}},"contracts/EBlockStockACL.sol":{"l":{"46":30,"48":30,"49":30,"50":30,"52":30,"53":30,"54":30,"56":30,"65":0,"66":0,"70":0,"74":0,"78":0,"79":0,"83":0,"84":0,"88":0,"89":0,"93":0,"94":0,"98":0,"99":0,"103":0,"104":0,"108":0,"109":0,"113":0,"114":0,"118":0,"122":0},"path":"/Users/andyrum/inspyre.it/bb/v1/ebso-token/src/contracts/EBlockStockACL.sol","s":{"1":30,"2":30,"3":30,"4":30,"5":30,"6":30,"7":30,"8":30,"9":0,"10":0,"11":0,"12":0,"13":0,"14":0,"15":0,"16":0,"17":0,"18":0,"19":0,"20":0,"21":0,"22":0,"23":0,"24":0,"25":0,"26":0,"27":0,"28":0,"29":0,"30":0},"b":{"1":[0,0]},"f":{"1":30,"2":0,"3":0,"4":0,"5":0,"6":0,"7":0,"8":0,"9":0,"10":0,"11":0,"12":0,"13":0,"14":0},"fnMap":{"1":{"name":"constructor","line":45,"loc":{"start":{"line":45,"column":2},"end":{"line":57,"column":2}}},"2":{"name":"revokeRole","line":64,"loc":{"start":{"line":64,"column":2},"end":{"line":67,"column":2}}},"3":{"name":"getSourceAccountBL","line":69,"loc":{"start":{"line":69,"column":2},"end":{"line":71,"column":2}}},"4":{"name":"getDestinationAccountBL","line":73,"loc":{"start":{"line":73,"column":2},"end":{"line":75,"column":2}}},"5":{"name":"setSourceAccountBL","line":77,"loc":{"start":{"line":77,"column":2},"end":{"line":80,"column":2}}},"6":{"name":"setDestinationAccountBL","line":82,"loc":{"start":{"line":82,"column":2},"end":{"line":85,"column":2}}},"7":{"name":"setUrl","line":87,"loc":{"start":{"line":87,"column":2},"end":{"line":90,"column":2}}},"8":{"name":"setTreasuryAddress","line":92,"loc":{"start":{"line":92,"column":2},"end":{"line":95,"column":2}}},"9":{"name":"setFeeAddress","line":97,"loc":{"start":{"line":97,"column":2},"end":{"line":100,"column":2}}},"10":{"name":"setBsoPoolAddress","line":102,"loc":{"start":{"line":102,"column":2},"end":{"line":105,"column":2}}},"11":{"name":"setGeneralFee","line":107,"loc":{"start":{"line":107,"column":2},"end":{"line":110,"column":2}}},"12":{"name":"setBsoFee","line":112,"loc":{"start":{"line":112,"column":2},"end":{"line":115,"column":2}}},"13":{"name":"pause","line":117,"loc":{"start":{"line":117,"column":2},"end":{"line":119,"column":2}}},"14":{"name":"unpause","line":121,"loc":{"start":{"line":121,"column":2},"end":{"line":123,"column":2}}}},"statementMap":{"1":{"start":{"line":46,"column":4},"end":{"line":46,"column":28}},"2":{"start":{"line":48,"column":4},"end":{"line":48,"column":40}},"3":{"start":{"line":49,"column":4},"end":{"line":49,"column":44}},"4":{"start":{"line":50,"column":4},"end":{"line":50,"column":39}},"5":{"start":{"line":52,"column":4},"end":{"line":52,"column":39}},"6":{"start":{"line":53,"column":4},"end":{"line":53,"column":43}},"7":{"start":{"line":54,"column":4},"end":{"line":54,"column":38}},"8":{"start":{"line":56,"column":4},"end":{"line":56,"column":39}},"9":{"start":{"line":65,"column":4},"end":{"line":65,"column":67}},"10":{"start":{"line":66,"column":4},"end":{"line":66,"column":36}},"11":{"start":{"line":70,"column":4},"end":{"line":70,"column":36}},"12":{"start":{"line":74,"column":4},"end":{"line":74,"column":41}},"13":{"start":{"line":78,"column":4},"end":{"line":78,"column":41}},"14":{"start":{"line":79,"column":4},"end":{"line":79,"column":50}},"15":{"start":{"line":83,"column":4},"end":{"line":83,"column":46}},"16":{"start":{"line":84,"column":4},"end":{"line":84,"column":55}},"17":{"start":{"line":88,"column":4},"end":{"line":88,"column":16}},"18":{"start":{"line":89,"column":4},"end":{"line":89,"column":28}},"19":{"start":{"line":93,"column":4},"end":{"line":93,"column":32}},"20":{"start":{"line":94,"column":4},"end":{"line":94,"column":47}},"21":{"start":{"line":98,"column":4},"end":{"line":98,"column":27}},"22":{"start":{"line":99,"column":4},"end":{"line":99,"column":42}},"23":{"start":{"line":103,"column":4},"end":{"line":103,"column":31}},"24":{"start":{"line":104,"column":4},"end":{"line":104,"column":46}},"25":{"start":{"line":108,"column":4},"end":{"line":108,"column":23}},"26":{"start":{"line":109,"column":4},"end":{"line":109,"column":38}},"27":{"start":{"line":113,"column":4},"end":{"line":113,"column":19}},"28":{"start":{"line":114,"column":4},"end":{"line":114,"column":34}},"29":{"start":{"line":118,"column":4},"end":{"line":118,"column":11}},"30":{"start":{"line":122,"column":4},"end":{"line":122,"column":13}}},"branchMap":{"1":{"line":65,"type":"if","locations":[{"start":{"line":65,"column":4},"end":{"line":65,"column":4}},{"start":{"line":65,"column":4},"end":{"line":65,"column":4}}]}}}}